
{"message":"userId: 2 Thu, 23 Sep 2021 18:59:21 GMT GET 200 /restaurant/3\n","level":"http"}
{"message":"userId: 2 Thu, 23 Sep 2021 19:00:40 GMT GET 200 /\n","level":"http"}
{"message":"userId: 2 Thu, 23 Sep 2021 19:01:29 GMT GET 200 /\n","level":"http"}
{"message":"userId: 2 Thu, 23 Sep 2021 19:03:01 GMT GET 200 /\n","level":"http"}
{"message":"userId: 2 Thu, 23 Sep 2021 19:04:07 GMT GET 200 /\n","level":"http"}
{"message":"userId: 2 Thu, 23 Sep 2021 19:04:51 GMT GET 200 /\n","level":"http"}
{"message":"userId: 2 Thu, 23 Sep 2021 19:05:06 GMT GET 200 /\n","level":"http"}
{"message":"userId: 2 Thu, 23 Sep 2021 19:05:43 GMT GET 200 /\n","level":"http"}
{"message":"userId: 2 Thu, 23 Sep 2021 19:06:08 GMT GET 200 /\n","level":"http"}
{"message":"userId: 2 Thu, 23 Sep 2021 19:06:28 GMT GET 200 /\n","level":"http"}
{"message":"userId: 2 Thu, 23 Sep 2021 19:07:15 GMT GET 200 /\n","level":"http"}
{"message":"userId: 2 Thu, 23 Sep 2021 19:07:51 GMT GET 304 /\n","level":"http"}
{"message":"userId: 2 Thu, 23 Sep 2021 19:07:56 GMT GET 200 /dashboard\n","level":"http"}
{"message":"userId: 2 Thu, 23 Sep 2021 19:08:07 GMT GET 200 /restaurant/2\n","level":"http"}
{"message":"userId: 2 Thu, 23 Sep 2021 19:08:20 GMT GET 200 /restaurant/4\n","level":"http"}
{"message":"userId: 2 Thu, 23 Sep 2021 19:09:14 GMT GET 200 /dashboard\n","level":"http"}
{"message":"userId: 2 Thu, 23 Sep 2021 19:09:20 GMT GET 200 /dashboard/2\n","level":"http"}
{"message":"userId: 2 Thu, 23 Sep 2021 19:09:46 GMT GET 200 /dashboard\n","level":"http"}
{"message":"userId: 2 Thu, 23 Sep 2021 19:11:17 GMT GET 200 /dashboard\n","level":"http"}
{"message":"userId: 2 Thu, 23 Sep 2021 19:12:09 GMT GET 200 /dashboard\n","level":"http"}
{"message":"userId: 2 Thu, 23 Sep 2021 19:12:38 GMT GET 200 /dashboard\n","level":"http"}
{"message":"userId: 2 Thu, 23 Sep 2021 19:13:04 GMT GET 200 /dashboard\n","level":"http"}
{"message":"userId: 2 Thu, 23 Sep 2021 19:13:08 GMT GET 304 /restaurant/2\n","level":"http"}
{"message":"userId: 2 Thu, 23 Sep 2021 19:16:02 GMT GET 200 /dashboard\n","level":"http"}
{"message":"userId: 2 Thu, 23 Sep 2021 19:16:24 GMT GET 200 /dashboard\n","level":"http"}
{"message":"userId: 2 Thu, 23 Sep 2021 19:17:48 GMT GET 200 /dashboard\n","level":"http"}
{"message":"userId: 2 Thu, 23 Sep 2021 19:18:54 GMT GET 200 /dashboard\n","level":"http"}
{"message":"userId: 2 Thu, 23 Sep 2021 19:21:18 GMT GET 200 /dashboard\n","level":"http"}
{"message":"userId: 2 Thu, 23 Sep 2021 19:21:51 GMT GET 200 /dashboard\n","level":"http"}
{"message":"userId: 2 Thu, 23 Sep 2021 19:23:15 GMT GET 200 /dashboard\n","level":"http"}
{"message":"userId: 2 Thu, 23 Sep 2021 19:26:09 GMT GET 200 /dashboard\n","level":"http"}
{"message":"userId: 2 Thu, 23 Sep 2021 19:26:33 GMT GET 200 /dashboard\n","level":"http"}
{"message":"userId: 2 Thu, 23 Sep 2021 19:27:38 GMT GET 200 /\n","level":"http"}
{"message":"userId: 2 Thu, 23 Sep 2021 19:28:14 GMT GET 200 /\n","level":"http"}
{"message":"userId: 2 Thu, 23 Sep 2021 19:28:46 GMT GET 200 /\n","level":"http"}
{"message":"userId: 2 Thu, 23 Sep 2021 19:28:56 GMT GET 200 /\n","level":"http"}
{"message":"userId: 2 Thu, 23 Sep 2021 19:29:10 GMT GET 200 /\n","level":"http"}
{"message":"userId: 2 Thu, 23 Sep 2021 19:29:29 GMT GET 200 /\n","level":"http"}
{"message":"userId: 2 Thu, 23 Sep 2021 19:29:41 GMT GET 200 /\n","level":"http"}
{"message":"userId: 2 Thu, 23 Sep 2021 19:30:40 GMT GET 200 /\n","level":"http"}
{"message":"userId: 2 Thu, 23 Sep 2021 19:32:04 GMT GET 200 /\n","level":"http"}
{"message":"userId: 2 Thu, 23 Sep 2021 19:33:51 GMT GET 304 /\n","level":"http"}
{"message":"userId: 2 Thu, 23 Sep 2021 19:34:44 GMT GET 200 /\n","level":"http"}
{"message":"userId: 2 Thu, 23 Sep 2021 19:34:52 GMT GET 304 /\n","level":"http"}
{"message":"userId: 2 Thu, 23 Sep 2021 19:35:11 GMT GET 200 /\n","level":"http"}
{"message":"userId: 2 Thu, 23 Sep 2021 19:35:44 GMT GET 200 /\n","level":"http"}
{"message":"userId: 2 Thu, 23 Sep 2021 19:35:53 GMT GET 200 /\n","level":"http"}
{"message":"userId: 2 Thu, 23 Sep 2021 19:36:10 GMT GET 200 /\n","level":"http"}
{"message":"userId: 2 Thu, 23 Sep 2021 19:36:23 GMT GET 200 /\n","level":"http"}
{"message":"userId: 2 Thu, 23 Sep 2021 19:37:37 GMT GET 200 /\n","level":"http"}
{"message":"userId: 2 Thu, 23 Sep 2021 19:38:14 GMT GET 200 /\n","level":"http"}
{"message":"userId: 2 Thu, 23 Sep 2021 19:38:27 GMT GET 200 /\n","level":"http"}
{"message":"userId: 2 Thu, 23 Sep 2021 19:38:49 GMT GET 304 /\n","level":"http"}
{"message":"userId: 2 Thu, 23 Sep 2021 19:39:10 GMT GET 200 /\n","level":"http"}
{"message":"userId: 2 Thu, 23 Sep 2021 19:41:08 GMT GET 200 /\n","level":"http"}
{"message":"userId: 2 Thu, 23 Sep 2021 19:41:59 GMT GET 200 /\n","level":"http"}
{"message":"userId: 2 Thu, 23 Sep 2021 19:42:34 GMT GET 200 /\n","level":"http"}
{"message":"userId: 2 Thu, 23 Sep 2021 19:43:08 GMT GET 200 /\n","level":"http"}
{"message":"userId: 2 Thu, 23 Sep 2021 19:43:34 GMT GET 200 /\n","level":"http"}
{"message":"userId: 2 Thu, 23 Sep 2021 19:44:21 GMT GET 200 /\n","level":"http"}
{"message":"userId: 2 Thu, 23 Sep 2021 19:44:34 GMT GET 200 /\n","level":"http"}
{"message":"userId: 2 Thu, 23 Sep 2021 19:44:48 GMT GET 200 /\n","level":"http"}
{"message":"userId: 2 Thu, 23 Sep 2021 19:48:12 GMT GET 200 /\n","level":"http"}
{"message":"userId: 2 Thu, 23 Sep 2021 19:48:16 GMT GET 304 /\n","level":"http"}
{"message":"userId: 2 Thu, 23 Sep 2021 19:48:45 GMT GET 200 /\n","level":"http"}
{"message":"userId: 2 Thu, 23 Sep 2021 19:51:01 GMT GET 200 /\n","level":"http"}
{"message":"userId: 2 Thu, 23 Sep 2021 19:51:21 GMT GET 200 /\n","level":"http"}
{"message":"userId: 2 Thu, 23 Sep 2021 19:53:39 GMT GET 200 /\n","level":"http"}
{"message":"userId: 2 Thu, 23 Sep 2021 19:54:32 GMT GET 200 /\n","level":"http"}
{"message":"userId: 2 Thu, 23 Sep 2021 19:55:00 GMT GET 200 /\n","level":"http"}
{"message":"userId: 2 Thu, 23 Sep 2021 19:55:39 GMT GET 200 /\n","level":"http"}
{"message":"userId: 2 Thu, 23 Sep 2021 19:55:55 GMT GET 200 /\n","level":"http"}
{"message":"userId: 2 Thu, 23 Sep 2021 19:56:16 GMT GET 200 /\n","level":"http"}
{"message":"userId: 2 Thu, 23 Sep 2021 19:56:31 GMT GET 200 /\n","level":"http"}
{"message":"userId: 2 Thu, 23 Sep 2021 19:56:50 GMT GET 200 /\n","level":"http"}
{"message":"userId: 2 Thu, 23 Sep 2021 19:57:06 GMT GET 200 /\n","level":"http"}
{"message":"userId: 2 Thu, 23 Sep 2021 19:57:40 GMT GET 200 /restaurant/2\n","level":"http"}
{"message":"userId: 2 Thu, 23 Sep 2021 20:00:48 GMT GET 200 /restaurant/2\n","level":"http"}
{"message":"userId: 2 Thu, 23 Sep 2021 20:01:44 GMT GET 200 /restaurant/2\n","level":"http"}
{"message":"userId: 2 Thu, 23 Sep 2021 20:02:12 GMT GET 200 /restaurant/2\n","level":"http"}
{"message":"userId: 2 Thu, 23 Sep 2021 20:02:59 GMT GET 200 /restaurant/2\n","level":"http"}
{"message":"userId: 2 Thu, 23 Sep 2021 20:03:17 GMT GET 200 /restaurant/2\n","level":"http"}
{"message":"userId: 2 Thu, 23 Sep 2021 20:03:34 GMT GET 200 /restaurant/2\n","level":"http"}
{"message":"userId: 2 Thu, 23 Sep 2021 20:03:54 GMT GET 200 /restaurant/2\n","level":"http"}
{"message":"userId: 2 Thu, 23 Sep 2021 20:04:07 GMT GET 200 /restaurant/2\n","level":"http"}
{"message":"userId: 2 Thu, 23 Sep 2021 20:05:35 GMT GET 200 /restaurant/2\n","level":"http"}
{"message":"userId: 2 Thu, 23 Sep 2021 20:06:22 GMT GET 200 /restaurant/2\n","level":"http"}
{"message":"userId: 2 Thu, 23 Sep 2021 20:07:05 GMT GET 200 /restaurant/2\n","level":"http"}
{"message":"userId: 2 Thu, 23 Sep 2021 20:07:53 GMT GET 200 /restaurant/2\n","level":"http"}
{"message":"userId: 2 Thu, 23 Sep 2021 20:08:45 GMT GET 200 /restaurant/2\n","level":"http"}
{"message":"userId: 2 Thu, 23 Sep 2021 20:09:25 GMT GET 200 /restaurant/2\n","level":"http"}
{"message":"userId: 2 Thu, 23 Sep 2021 20:10:47 GMT GET 200 /restaurant/2\n","level":"http"}
{"message":"userId: 2 Thu, 23 Sep 2021 20:11:13 GMT GET 200 /dashboard\n","level":"http"}
{"message":"userId: 2 Thu, 23 Sep 2021 20:13:04 GMT GET 200 /dashboard\n","level":"http"}
{"message":"userId: 2 Thu, 23 Sep 2021 20:13:32 GMT GET 200 /dashboard\n","level":"http"}
{"message":"userId: 2 Thu, 23 Sep 2021 20:13:49 GMT GET 200 /dashboard\n","level":"http"}
{"message":"userId: 2 Thu, 23 Sep 2021 20:14:58 GMT GET 200 /dashboard\n","level":"http"}
{"message":"userId: 2 Thu, 23 Sep 2021 20:16:08 GMT GET 200 /dashboard\n","level":"http"}
{"message":"userId: 2 Thu, 23 Sep 2021 20:16:42 GMT GET 200 /dashboard\n","level":"http"}
{"message":"userId: 2 Thu, 23 Sep 2021 20:16:52 GMT GET 200 /dashboard\n","level":"http"}
{"message":"userId: 2 Thu, 23 Sep 2021 20:17:29 GMT GET 200 /dashboard/4\n","level":"http"}
{"message":"userId: 2 Thu, 23 Sep 2021 20:18:42 GMT GET 304 /\n","level":"http"}
{"message":"userId: 2 Thu, 23 Sep 2021 20:19:23 GMT GET 200 /dashboard\n","level":"http"}
{"message":"userId: 2 Thu, 23 Sep 2021 20:20:03 GMT GET 200 /dashboard\n","level":"http"}
{"message":"userId: 2 Thu, 23 Sep 2021 20:20:57 GMT GET 200 /dashboard\n","level":"http"}
{"message":"userId: 2 Thu, 23 Sep 2021 20:21:12 GMT GET 200 /dashboard\n","level":"http"}
{"message":"userId: 2 Thu, 23 Sep 2021 20:21:30 GMT GET 200 /dashboard\n","level":"http"}
{"message":"userId: 2 Thu, 23 Sep 2021 20:22:03 GMT GET 200 /\n","level":"http"}
{"message":"userId: 2 Thu, 23 Sep 2021 20:22:27 GMT GET 200 /\n","level":"http"}
{"message":"userId: 2 Thu, 23 Sep 2021 20:23:07 GMT GET 200 /\n","level":"http"}
{"message":"userId: 2 Thu, 23 Sep 2021 20:23:25 GMT GET 200 /\n","level":"http"}
{"message":"userId: 2 Thu, 23 Sep 2021 20:23:43 GMT GET 200 /\n","level":"http"}
{"message":"userId: 2 Thu, 23 Sep 2021 20:24:22 GMT GET 200 /\n","level":"http"}
{"message":"userId: 2 Thu, 23 Sep 2021 20:25:17 GMT GET 200 /\n","level":"http"}
{"message":"userId: 2 Thu, 23 Sep 2021 20:26:01 GMT GET 200 /\n","level":"http"}
{"message":"userId: 2 Thu, 23 Sep 2021 20:26:13 GMT GET 200 /\n","level":"http"}
{"message":"userId: 2 Thu, 23 Sep 2021 20:26:22 GMT GET 200 /\n","level":"http"}
{"message":"userId: 2 Thu, 23 Sep 2021 20:28:06 GMT GET 200 /\n","level":"http"}
{"message":"userId: 2 Thu, 23 Sep 2021 20:28:24 GMT GET 200 /\n","level":"http"}
{"message":"userId: 2 Thu, 23 Sep 2021 20:29:36 GMT GET 200 /\n","level":"http"}
{"message":"userId: 2 Thu, 23 Sep 2021 20:30:03 GMT GET 200 /\n","level":"http"}
{"message":"userId: 2 Thu, 23 Sep 2021 20:30:20 GMT GET 200 /\n","level":"http"}
{"message":"userId: 2 Thu, 23 Sep 2021 20:30:43 GMT GET 200 /\n","level":"http"}
{"message":"userId: 2 Thu, 23 Sep 2021 20:31:59 GMT GET 200 /dashboard\n","level":"http"}
{"message":"userId: 2 Thu, 23 Sep 2021 20:32:46 GMT GET 200 /dashboard/2\n","level":"http"}
{"message":"userId: 2 Thu, 23 Sep 2021 20:35:17 GMT GET 304 /\n","level":"http"}
{"message":"userId: 2 Thu, 23 Sep 2021 20:35:23 GMT GET 200 /dashboard\n","level":"http"}
{"message":"userId: 2 Thu, 23 Sep 2021 20:35:47 GMT GET 200 /dashboard\n","level":"http"}
{"message":"userId: 2 Thu, 23 Sep 2021 20:37:01 GMT GET 304 /dashboard/2\n","level":"http"}
{"message":"userId: 2 Thu, 23 Sep 2021 20:37:24 GMT GET 200 /dashboard/2\n","level":"http"}
{"message":"userId: 2 Thu, 23 Sep 2021 20:37:32 GMT GET 200 /dashboard/2\n","level":"http"}
{"message":"userId: 2 Thu, 23 Sep 2021 20:37:43 GMT GET 200 /dashboard/2\n","level":"http"}
{"message":"userId: 2 Thu, 23 Sep 2021 20:38:38 GMT GET 200 /dashboard/2\n","level":"http"}
{"message":"userId: 2 Thu, 23 Sep 2021 20:39:35 GMT GET 200 /dashboard/2\n","level":"http"}
{"message":"userId: 2 Thu, 23 Sep 2021 20:39:51 GMT GET 304 /dashboard\n","level":"http"}
{"message":"userId: 2 Thu, 23 Sep 2021 20:40:04 GMT POST 200 /api/restaurant\n","level":"http"}
{"message":"userId: 2 Thu, 23 Sep 2021 20:40:04 GMT GET 200 /dashboard\n","level":"http"}
{"message":"userId: 2 Thu, 23 Sep 2021 20:40:09 GMT GET 200 /dashboard/5\n","level":"http"}
{"message":"userId: 2 Thu, 23 Sep 2021 20:40:12 GMT PUT 200 /api/restaurant/5\n","level":"http"}
{"message":"userId: 2 Thu, 23 Sep 2021 20:40:12 GMT DELETE 200 /api/restaurant/5\n","level":"http"}
{"message":"userId: 2 Thu, 23 Sep 2021 20:40:12 GMT GET 200 /dashboard\n","level":"http"}
{"message":"userId: 2 Thu, 23 Sep 2021 20:40:33 GMT GET 200 /dashboard/2\n","level":"http"}
{"message":"- Thu, 23 Sep 2021 20:43:01 GMT GET 200 /login\n","level":"http"}
{"message":"- Thu, 23 Sep 2021 20:43:34 GMT GET 200 /login\n","level":"http"}
{"message":"- Thu, 23 Sep 2021 20:44:19 GMT GET 200 /login\n","level":"http"}
{"message":"- Thu, 23 Sep 2021 20:44:53 GMT GET 200 /login\n","level":"http"}
{"message":"- Thu, 23 Sep 2021 20:45:55 GMT GET 200 /login\n","level":"http"}
{"message":"- Thu, 23 Sep 2021 20:46:14 GMT GET 200 /login\n","level":"http"}
{"message":"- Thu, 23 Sep 2021 20:46:35 GMT GET 200 /login\n","level":"http"}
{"message":"userId: 2 Thu, 23 Sep 2021 20:47:04 GMT POST 200 /api/user/login\n","level":"http"}
{"message":"- Thu, 23 Sep 2021 20:47:04 GMT GET 302 /\n","level":"http"}
{"message":"userId: 2 Thu, 23 Sep 2021 20:47:05 GMT GET 302 /login\n","level":"http"}
{"message":"userId: 2 Thu, 23 Sep 2021 20:47:05 GMT GET 200 /\n","level":"http"}
{"message":"- Thu, 23 Sep 2021 20:50:04 GMT GET 200 /login\n","level":"http"}
{"message":"userId: 2 Thu, 23 Sep 2021 20:50:34 GMT POST 200 /api/user/login\n","level":"http"}
{"message":"- Thu, 23 Sep 2021 20:50:34 GMT GET 302 /\n","level":"http"}
{"message":"- Thu, 23 Sep 2021 20:50:34 GMT GET 304 /login\n","level":"http"}
{"message":"userId: 2 Thu, 23 Sep 2021 20:50:49 GMT GET 302 /login\n","level":"http"}
{"message":"userId: 2 Thu, 23 Sep 2021 20:50:49 GMT GET 200 /\n","level":"http"}
{"message":"userId: 2 Thu, 23 Sep 2021 20:50:57 GMT GET 304 /\n","level":"http"}
{"message":"userId: - Thu, 23 Sep 2021 20:50:57 GMT POST 204 /api/user/logout\n","level":"http"}
{"message":"userId: undefined Thu, 23 Sep 2021 20:51:53 GMT GET 302 /\n","level":"http"}
{"message":"userId: undefined Thu, 23 Sep 2021 20:51:54 GMT GET 200 /login\n","level":"http"}
{"message":"userId: 2 Thu, 23 Sep 2021 20:52:32 GMT POST 200 /api/user/login\n","level":"http"}
{"message":"userId: undefined Thu, 23 Sep 2021 20:52:32 GMT GET 302 /\n","level":"http"}
{"message":"userId: undefined Thu, 23 Sep 2021 20:52:32 GMT GET 304 /login\n","level":"http"}
{"message":"userId: 2 Thu, 23 Sep 2021 20:52:39 GMT GET 302 /login\n","level":"http"}
{"message":"userId: 2 Thu, 23 Sep 2021 20:52:39 GMT GET 200 /\n","level":"http"}
{"message":"userId: - Thu, 23 Sep 2021 20:52:43 GMT POST 204 /api/user/logout\n","level":"http"}
{"message":"userId: 2 Thu, 23 Sep 2021 20:52:43 GMT GET 304 /\n","level":"http"}
{"message":"userId: undefined Thu, 23 Sep 2021 20:52:44 GMT GET 200 /login\n","level":"http"}
{"message":"userId: - Thu, 23 Sep 2021 20:53:16 GMT GET 304 /login\n","level":"http"}
{"message":"userId: 2 Thu, 23 Sep 2021 20:53:29 GMT POST 200 /api/user/login\n","level":"http"}
{"message":"userId: - Thu, 23 Sep 2021 20:53:29 GMT GET 302 /\n","level":"http"}
{"message":"userId: - Thu, 23 Sep 2021 20:53:29 GMT GET 304 /login\n","level":"http"}
{"message":"userId: 2 Thu, 23 Sep 2021 20:53:35 GMT GET 302 /login\n","level":"http"}
{"message":"userId: 2 Thu, 23 Sep 2021 20:53:35 GMT GET 200 /\n","level":"http"}
{"message":"userId: 2 Thu, 23 Sep 2021 20:53:40 GMT GET 304 /\n","level":"http"}
{"message":"userId: undefined Thu, 23 Sep 2021 20:54:32 GMT GET 200 /login\n","level":"http"}
{"message":"userId: 2 Thu, 23 Sep 2021 20:55:01 GMT POST 200 /api/user/login\n","level":"http"}
{"message":"userId: undefined Thu, 23 Sep 2021 20:55:01 GMT GET 302 /\n","level":"http"}
{"message":"userId: undefined Thu, 23 Sep 2021 20:55:01 GMT GET 304 /login\n","level":"http"}
{"message":"userId: 2 Thu, 23 Sep 2021 20:55:10 GMT GET 302 /login\n","level":"http"}
{"message":"userId: 2 Thu, 23 Sep 2021 20:55:11 GMT GET 200 /\n","level":"http"}
{"message":"userId: 2 Thu, 23 Sep 2021 20:55:19 GMT GET 304 /\n","level":"http"}
{"message":"userId: - Thu, 23 Sep 2021 20:55:22 GMT POST 204 /api/user/logout\n","level":"http"}
{"message":"userId: 2 Thu, 23 Sep 2021 20:55:22 GMT GET 304 /\n","level":"http"}
{"message":"userId: undefined Thu, 23 Sep 2021 20:55:23 GMT GET 200 /login\n","level":"http"}
{"message":"userId: 4 Thu, 23 Sep 2021 20:56:40 GMT POST 200 /api/user\n","level":"http"}
{"message":"userId: undefined Thu, 23 Sep 2021 20:56:40 GMT GET 304 /login\n","level":"http"}
{"message":"userId: undefined Thu, 23 Sep 2021 20:56:40 GMT GET 302 /\n","level":"http"}
{"message":"userId: 4 Thu, 23 Sep 2021 20:56:45 GMT GET 302 /login\n","level":"http"}
{"message":"userId: 4 Thu, 23 Sep 2021 20:56:45 GMT GET 200 /\n","level":"http"}
{"message":"userId: 4 Thu, 23 Sep 2021 20:56:54 GMT GET 200 /dashboard\n","level":"http"}
{"message":"userId: 4 Thu, 23 Sep 2021 20:57:03 GMT GET 304 /dashboard\n","level":"http"}
{"message":"userId: - Thu, 23 Sep 2021 20:57:03 GMT POST 204 /api/user/logout\n","level":"http"}
{"message":"userId: undefined Thu, 23 Sep 2021 20:57:10 GMT GET 302 /dashboard\n","level":"http"}
{"message":"userId: undefined Thu, 23 Sep 2021 20:57:10 GMT GET 200 /login\n","level":"http"}
{"message":"userId: - Thu, 23 Sep 2021 20:58:46 GMT GET 304 /login\n","level":"http"}
{"message":"userId: 2 Thu, 23 Sep 2021 20:59:02 GMT POST 200 /api/user/login\n","level":"http"}
{"message":"userId: - Thu, 23 Sep 2021 20:59:02 GMT GET 302 /\n","level":"http"}
{"message":"userId: 2 Thu, 23 Sep 2021 20:59:02 GMT GET 302 /login\n","level":"http"}
{"message":"userId: 2 Thu, 23 Sep 2021 20:59:02 GMT GET 200 /\n","level":"http"}
{"message":"userId: - Thu, 23 Sep 2021 20:59:08 GMT POST 204 /api/user/logout\n","level":"http"}
{"message":"userId: 2 Thu, 23 Sep 2021 20:59:08 GMT GET 304 /\n","level":"http"}
{"message":"userId: - Thu, 23 Sep 2021 20:59:09 GMT GET 200 /login\n","level":"http"}
{"message":"userId: 2 Thu, 23 Sep 2021 21:00:54 GMT POST 200 /api/user/login\n","level":"http"}
{"message":"userId: - Thu, 23 Sep 2021 21:00:54 GMT GET 302 /\n","level":"http"}
{"message":"userId: - Thu, 23 Sep 2021 21:00:54 GMT GET 304 /login\n","level":"http"}
{"message":"userId: 2 Thu, 23 Sep 2021 21:01:01 GMT GET 302 /login\n","level":"http"}
{"message":"userId: 2 Thu, 23 Sep 2021 21:01:01 GMT GET 200 /\n","level":"http"}
{"message":"userId: 2 Thu, 23 Sep 2021 21:01:05 GMT GET 304 /\n","level":"http"}
{"message":"userId: - Thu, 23 Sep 2021 21:01:11 GMT POST 204 /api/user/logout\n","level":"http"}
{"message":"userId: 2 Thu, 23 Sep 2021 21:01:11 GMT GET 304 /\n","level":"http"}
{"message":"userId: - Thu, 23 Sep 2021 21:01:11 GMT GET 200 /login\n","level":"http"}
{"message":"userId: 2 Thu, 23 Sep 2021 21:03:23 GMT POST 200 /api/user/login\n","level":"http"}
{"message":"userId: - Thu, 23 Sep 2021 21:03:23 GMT GET 302 /\n","level":"http"}
{"message":"userId: - Thu, 23 Sep 2021 21:03:23 GMT GET 304 /login\n","level":"http"}
{"message":"userId: 2 Thu, 23 Sep 2021 21:03:28 GMT GET 302 /login\n","level":"http"}
{"message":"userId: 2 Thu, 23 Sep 2021 21:03:28 GMT GET 200 /\n","level":"http"}
{"message":"userId: 2 Thu, 23 Sep 2021 21:03:34 GMT GET 304 /\n","level":"http"}
{"message":"userId: - Thu, 23 Sep 2021 21:03:39 GMT POST 204 /api/user/logout\n","level":"http"}
{"message":"userId: 2 Thu, 23 Sep 2021 21:03:39 GMT GET 304 /\n","level":"http"}
{"message":"userId: - Thu, 23 Sep 2021 21:03:39 GMT GET 200 /login\n","level":"http"}
{"message":"userId: 2 Thu, 23 Sep 2021 21:03:58 GMT POST 200 /api/user/login\n","level":"http"}
{"message":"userId: - Thu, 23 Sep 2021 21:03:58 GMT GET 302 /\n","level":"http"}
{"message":"userId: - Thu, 23 Sep 2021 21:03:58 GMT GET 304 /login\n","level":"http"}
{"message":"userId: 2 Thu, 23 Sep 2021 21:04:01 GMT GET 302 /login\n","level":"http"}
{"message":"userId: 2 Thu, 23 Sep 2021 21:04:01 GMT GET 200 /\n","level":"http"}
{"message":"userId: - Thu, 23 Sep 2021 21:04:04 GMT POST 204 /api/user/logout\n","level":"http"}
{"message":"userId: 2 Thu, 23 Sep 2021 21:04:04 GMT GET 304 /\n","level":"http"}
{"message":"userId: - Thu, 23 Sep 2021 21:04:04 GMT GET 200 /login\n","level":"http"}
